  main.cpp
C:\Users\hamza\source\repos\revisedrenderer\revisedrenderer\Camera.hpp(9,21): warning C4305: 'initializing': truncation from 'double' to 'const float'
  (compiling source file 'main.cpp')
  
C:\Users\hamza\source\repos\revisedrenderer\revisedrenderer\Utils.hpp(13,11): warning C4244: 'initializing': conversion from 'double' to 'int', possible loss of data
  (compiling source file 'main.cpp')
  
C:\Users\hamza\source\repos\revisedrenderer\revisedrenderer\Utils.hpp(16,16): warning C4018: '<': signed/unsigned mismatch
  (compiling source file 'main.cpp')
  
C:\Users\hamza\source\repos\revisedrenderer\revisedrenderer\main.cpp(20,66): warning C4305: 'argument': truncation from 'double' to 'float'
C:\Users\hamza\source\repos\revisedrenderer\revisedrenderer\main.cpp(20,61): warning C4305: 'argument': truncation from 'double' to 'float'
C:\Users\hamza\source\repos\revisedrenderer\revisedrenderer\main.cpp(20,56): warning C4305: 'argument': truncation from 'double' to 'float'
C:\Users\hamza\source\repos\revisedrenderer\revisedrenderer\main.cpp(28,26): warning C4305: 'argument': truncation from 'double' to 'float'
C:\Users\hamza\source\repos\revisedrenderer\revisedrenderer\main.cpp(37,60): warning C4244: 'argument': conversion from 'float' to 'unsigned char', possible loss of data
C:\Users\hamza\source\repos\revisedrenderer\revisedrenderer\main.cpp(40,71): warning C4244: 'argument': conversion from 'float' to 'unsigned char', possible loss of data
C:\Users\hamza\source\repos\revisedrenderer\revisedrenderer\main.cpp(40,66): warning C4244: 'argument': conversion from 'float' to 'unsigned char', possible loss of data
C:\Users\hamza\source\repos\revisedrenderer\revisedrenderer\main.cpp(43,67): warning C4244: 'argument': conversion from 'float' to 'unsigned char', possible loss of data
C:\Users\hamza\source\repos\revisedrenderer\revisedrenderer\main.cpp(43,57): warning C4244: 'argument': conversion from 'float' to 'unsigned char', possible loss of data
C:\Users\hamza\source\repos\revisedrenderer\revisedrenderer\main.cpp(52,19): warning C4244: 'argument': conversion from 'float' to 'unsigned char', possible loss of data
C:\Users\hamza\source\repos\revisedrenderer\revisedrenderer\main.cpp(52,14): warning C4244: 'argument': conversion from 'float' to 'unsigned char', possible loss of data
C:\Users\hamza\source\repos\revisedrenderer\revisedrenderer\main.cpp(52,9): warning C4244: 'argument': conversion from 'float' to 'unsigned char', possible loss of data
C:\Users\hamza\source\repos\revisedrenderer\revisedrenderer\main.cpp(58,18): warning C4244: 'argument': conversion from 'float' to 'unsigned char', possible loss of data
C:\Users\hamza\source\repos\revisedrenderer\revisedrenderer\main.cpp(58,9): warning C4244: 'argument': conversion from 'float' to 'unsigned char', possible loss of data
C:\Users\hamza\source\repos\revisedrenderer\revisedrenderer\main.cpp(64,19): warning C4244: 'argument': conversion from 'float' to 'unsigned char', possible loss of data
C:\Users\hamza\source\repos\revisedrenderer\revisedrenderer\main.cpp(64,9): warning C4244: 'argument': conversion from 'float' to 'unsigned char', possible loss of data
C:\Users\hamza\source\repos\revisedrenderer\revisedrenderer\main.cpp(70,19): warning C4244: 'argument': conversion from 'float' to 'unsigned char', possible loss of data
C:\Users\hamza\source\repos\revisedrenderer\revisedrenderer\main.cpp(70,9): warning C4244: 'argument': conversion from 'float' to 'unsigned char', possible loss of data
  Generating code
  18 of 1165 functions ( 1.5%) were compiled, the rest were copied from previous compilation.
    0 functions were new in current compilation
    1 functions had inline decision re-evaluated but remain unchanged
  Finished generating code
  revisedrenderer.vcxproj -> C:\Users\hamza\source\repos\revisedrenderer\Release\revisedrenderer.exe
